<?xml version="1.0" encoding="UTF-8"?>
<!-- Generated by org.testng.reporters.JUnitReportReporter -->
<testsuite skipped="0" hostname="HP" name="com.script.MavenIRCTC.TestFramework" tests="1" failures="0" timestamp="29 May 2020 11:27:35 GMT" time="38.336" errors="0">
  <testcase name="irctcreg" time="38.336" classname="com.script.MavenIRCTC.TestFramework"/>
</testsuite> <!-- com.script.MavenIRCTC.TestFramework -->
